Log file open, 02/13/22 12:34:29
LogPakFile: Display: Found Pak file ../../../Contest_Easy/Content/Paks/Contest_Easy-WindowsNoEditor.pak attempting to mount.
LogPakFile: Display: Mounting pak file ../../../Contest_Easy/Content/Paks/Contest_Easy-WindowsNoEditor.pak.
LogPlatformFile: Not using cached read wrapper
LogTaskGraph: Started task graph with 5 named threads and 14 total threads with 3 sets of task threads.
LogStats: Stats thread started at 0.284909
LogD3D11RHI: Loaded GFSDK_Aftermath_Lib.x64.dll
LogICUInternationalization: ICU TimeZone Detection - Raw Offset: +8:00, Platform Override: ''
LogPluginManager: Mounting plugin AirSim
LogPluginManager: Mounting plugin PhysXVehicles
LogPluginManager: Mounting plugin Paper2D
LogPluginManager: Mounting plugin AISupport
LogPluginManager: Mounting plugin LightPropagationVolume
LogPluginManager: Mounting plugin AnimationSharing
LogPluginManager: Mounting plugin SignificanceManager
LogPluginManager: Mounting plugin UObjectPlugin
LogPluginManager: Mounting plugin AssetManagerEditor
LogPluginManager: Mounting plugin FacialAnimation
LogPluginManager: Mounting plugin GeometryMode
LogPluginManager: Mounting plugin DatasmithContent
LogPluginManager: Mounting plugin VariantManagerContent
LogPluginManager: Mounting plugin AlembicImporter
LogPluginManager: Mounting plugin GeometryCache
LogPluginManager: Mounting plugin AutomationUtils
LogPluginManager: Mounting plugin ScreenshotTools
LogPluginManager: Mounting plugin BackChannel
LogPluginManager: Mounting plugin ChaosClothEditor
LogPluginManager: Mounting plugin ChaosCloth
LogPluginManager: Mounting plugin ChaosEditor
LogPluginManager: Mounting plugin PlanarCut
LogPluginManager: Mounting plugin GeometryProcessing
LogPluginManager: Mounting plugin EditableMesh
LogPluginManager: Mounting plugin GeometryCollectionPlugin
LogPluginManager: Mounting plugin ProceduralMeshComponent
LogPluginManager: Mounting plugin ChaosSolverPlugin
LogPluginManager: Mounting plugin ChaosNiagara
LogPluginManager: Mounting plugin Niagara
LogPluginManager: Mounting plugin CharacterAI
LogPluginManager: Mounting plugin PlatformCrypto
LogPluginManager: Mounting plugin MagicLeapPassableWorld
LogPluginManager: Mounting plugin MagicLeap
LogPluginManager: Mounting plugin MLSDK
LogPluginManager: Mounting plugin MagicLeapLightEstimation
LogPluginManager: Mounting plugin AvfMedia
LogPluginManager: Mounting plugin ImgMedia
LogPluginManager: Mounting plugin MediaCompositing
LogPluginManager: Mounting plugin WmfMedia
LogPluginManager: Mounting plugin MeshPainting
LogPluginManager: Mounting plugin TcpMessaging
LogPluginManager: Mounting plugin UdpMessaging
LogPluginManager: Mounting plugin ActorSequence
LogPluginManager: Mounting plugin LevelSequenceEditor
LogPluginManager: Mounting plugin MatineeToLevelSequence
LogPluginManager: Mounting plugin TemplateSequence
LogPluginManager: Mounting plugin MovieRenderPipeline
LogPluginManager: Mounting plugin EditorScriptingUtilities
LogPluginManager: Mounting plugin NetcodeUnitTest
LogPluginManager: Mounting plugin OnlineSubsystemNull
LogPluginManager: Mounting plugin OnlineSubsystem
LogPluginManager: Mounting plugin OnlineSubsystemUtils
LogPluginManager: Mounting plugin LauncherChunkInstaller
LogPluginManager: Mounting plugin AndroidPermission
LogPluginManager: Mounting plugin AppleImageUtils
LogPluginManager: Mounting plugin ArchVisCharacter
LogPluginManager: Mounting plugin AssetTags
LogPluginManager: Mounting plugin AudioCapture
LogPluginManager: Mounting plugin CableComponent
LogPluginManager: Mounting plugin CustomMeshComponent
LogPluginManager: Mounting plugin ExampleDeviceProfileSelector
LogPluginManager: Mounting plugin GooglePAD
LogPluginManager: Mounting plugin LocationServicesBPLibrary
LogPluginManager: Mounting plugin MobilePatchingUtils
LogPluginManager: Mounting plugin RuntimePhysXCooking
LogPluginManager: Mounting plugin SoundFields
LogPluginManager: Mounting plugin Synthesis
LogPluginManager: Mounting plugin WebMMoviePlayer
LogPluginManager: Mounting plugin WebMMedia
LogPluginManager: Mounting plugin WindowsMoviePlayer
LogInit: Using libcurl 7.55.1-DEV
LogInit:  - built for x86_64-pc-win32
LogInit:  - supports SSL with OpenSSL/1.1.1
LogInit:  - supports HTTP deflate (compression) using libz 1.2.8
LogInit:  - other features:
LogInit:      CURL_VERSION_SSL
LogInit:      CURL_VERSION_LIBZ
LogInit:      CURL_VERSION_IPV6
LogInit:      CURL_VERSION_ASYNCHDNS
LogInit:      CURL_VERSION_LARGEFILE
LogInit:      CURL_VERSION_IDN
LogInit:  CurlRequestOptions (configurable via config and command line):
LogInit:  - bVerifyPeer = true  - Libcurl will verify peer certificate
LogInit:  - bUseHttpProxy = false  - Libcurl will NOT use HTTP proxy
LogInit:  - bDontReuseConnections = false  - Libcurl will reuse connections
LogInit:  - MaxHostConnections = 16  - Libcurl will limit the number of connections to a host
LogInit:  - LocalHostAddr = Default
LogInit:  - BufferSize = 65536
LogOnline: OSS: Creating online subsystem instance for: NULL
LogInit: WinSock: version 1.1 (2.2), MaxSocks=32767, MaxUdp=65467
LogOnline: OSS: TryLoadSubsystemAndSetDefault: Loaded subsystem for module [NULL]
LogInit: Build: ++UE4+Release-4.25-CL-14469661
LogInit: Engine Version: 4.25.4-14469661+++UE4+Release-4.25
LogInit: Compatible Engine Version: 4.25.0-13144385+++UE4+Release-4.25
LogInit: Net CL: 13144385
LogInit: OS: Windows 10 (Release 2009) (), CPU:                           Virtual CPU @ 3.20GHz, GPU: Parallels Display Adapter (WDDM)
LogInit: Compiled (64-bit): Oct 11 2020 08:22:12
LogInit: Compiled with Visual C++: 19.16.27032.01
LogInit: Build Configuration: Development
LogInit: Branch Name: ++UE4+Release-4.25
LogInit: Command Line:  -ResX=800 -ResY=480 -windowed --settings \\Mac\Home\Desktop\Drone\UAV\WindowsNoEditor\settings.json
LogInit: Base Directory: //Mac/Home/Desktop/Drone/UAV/WindowsNoEditor/Contest_Easy/Binaries/Win64/
LogInit: Allocator: binned2
LogInit: Installed Engine Build: 0
LogDevObjectVersion: Number of dev versions registered: 26
LogDevObjectVersion:   Dev-Blueprints (B0D832E4-1F89-4F0D-ACCF-7EB736FD4AA2): 10
LogDevObjectVersion:   Dev-Build (E1C64328-A22C-4D53-A36C-8E866417BD8C): 0
LogDevObjectVersion:   Dev-Core (375EC13C-06E4-48FB-B500-84F0262A717E): 4
LogDevObjectVersion:   Dev-Editor (E4B068ED-F494-42E9-A231-DA0B2E46BB41): 38
LogDevObjectVersion:   Dev-Framework (CFFC743F-43B0-4480-9391-14DF171D2073): 37
LogDevObjectVersion:   Dev-Mobile (B02B49B5-BB20-44E9-A304-32B752E40360): 2
LogDevObjectVersion:   Dev-Networking (A4E4105C-59A1-49B5-A7C5-40C4547EDFEE): 0
LogDevObjectVersion:   Dev-Online (39C831C9-5AE6-47DC-9A44-9C173E1C8E7C): 0
LogDevObjectVersion:   Dev-Physics (78F01B33-EBEA-4F98-B9B4-84EACCB95AA2): 4
LogDevObjectVersion:   Dev-Platform (6631380F-2D4D-43E0-8009-CF276956A95A): 0
LogDevObjectVersion:   Dev-Rendering (12F88B9F-8875-4AFC-A67C-D90C383ABD29): 43
LogDevObjectVersion:   Dev-Sequencer (7B5AE74C-D270-4C10-A958-57980B212A5A): 12
LogDevObjectVersion:   Dev-VR (D7296918-1DD6-4BDD-9DE2-64A83CC13884): 3
LogDevObjectVersion:   Dev-LoadTimes (C2A15278-BFE7-4AFE-6C17-90FF531DF755): 1
LogDevObjectVersion:   Private-Geometry (6EACA3D4-40EC-4CC1-B786-8BED09428FC5): 3
LogDevObjectVersion:   Dev-AnimPhys (29E575DD-E0A3-4627-9D10-D276232CDCEA): 17
LogDevObjectVersion:   Dev-Anim (AF43A65D-7FD3-4947-9873-3E8ED9C1BB05): 7
LogDevObjectVersion:   Dev-ReflectionCapture (6B266CEC-1EC7-4B8F-A30B-E4D90942FC07): 1
LogDevObjectVersion:   Dev-Automation (0DF73D61-A23F-47EA-B727-89E90C41499A): 1
LogDevObjectVersion:   FortniteMain (601D1886-AC64-4F84-AA16-D3DE0DEAC7D6): 31
LogDevObjectVersion:   Dev-Enterprise (9DFFBCD6-494F-0158-E221-12823C92A888): 10
LogDevObjectVersion:   Dev-Niagara (F2AED0AC-9AFE-416F-8664-AA7FFA26D6FC): 1
LogDevObjectVersion:   Dev-Destruction (174F1F0B-B4C6-45A5-B13F-2EE8D0FB917D): 10
LogDevObjectVersion:   Dev-Physics-Ext (35F94A83-E258-406C-A318-09F59610247C): 37
LogDevObjectVersion:   Dev-PhysicsMaterial-Chaos (B68FC16E-8B1B-42E2-B453-215C058844FE): 1
LogDevObjectVersion:   Dev-CineCamera (B2E18506-4273-CFC2-A54E-F4BB758BBA07): 1
LogInit: Presizing for max 2097152 objects, including 1 objects not considered by GC, pre-allocating 0 bytes for permanent pool.
LogConfig: Applying CVar settings from Section [/Script/Engine.StreamingSettings] File [../../../Contest_Easy/Saved/Config/WindowsNoEditor/Engine.ini]
LogConfig: Setting CVar [[s.MinBulkDataSizeForAsyncLoading:131072]]
LogConfig: Setting CVar [[s.AsyncLoadingThreadEnabled:0]]
LogConfig: Setting CVar [[s.EventDrivenLoaderEnabled:1]]
LogConfig: Setting CVar [[s.WarnIfTimeLimitExceeded:0]]
LogConfig: Setting CVar [[s.TimeLimitExceededMultiplier:1.5]]
LogConfig: Setting CVar [[s.TimeLimitExceededMinTime:0.005]]
LogConfig: Setting CVar [[s.UseBackgroundLevelStreaming:1]]
LogConfig: Setting CVar [[s.PriorityAsyncLoadingExtraTime:15.0]]
LogConfig: Setting CVar [[s.LevelStreamingActorsUpdateTimeLimit:5.0]]
LogConfig: Setting CVar [[s.PriorityLevelStreamingActorsUpdateExtraTime:5.0]]
LogConfig: Setting CVar [[s.LevelStreamingComponentsRegistrationGranularity:10]]
LogConfig: Setting CVar [[s.UnregisterComponentsTimeLimit:1.0]]
LogConfig: Setting CVar [[s.LevelStreamingComponentsUnregistrationGranularity:5]]
LogConfig: Setting CVar [[s.FlushStreamingOnExit:1]]
LogStreaming: Display: Async Loading initialized: Event Driven Loader: true, Async Loading Thread: false, Async Post Load: true
LogInit: Object subsystem initialized
LogConfig: Setting CVar [[con.DebugEarlyDefault:1]]
LogConfig: Setting CVar [[r.setres:1280x720]]
LogConfig: Setting CVar [[fx.NiagaraAllowRuntimeScalabilityChanges:1]]
[2022.02.13-04.34.30:118][  0]LogConfig: Setting CVar [[con.DebugEarlyDefault:1]]
[2022.02.13-04.34.30:118][  0]LogConfig: Setting CVar [[r.setres:1280x720]]
[2022.02.13-04.34.30:118][  0]LogConfig: Setting CVar [[fx.NiagaraAllowRuntimeScalabilityChanges:1]]
[2022.02.13-04.34.30:119][  0]LogConfig: Applying CVar settings from Section [/Script/Engine.RendererSettings] File [../../../Contest_Easy/Saved/Config/WindowsNoEditor/Engine.ini]
[2022.02.13-04.34.30:119][  0]LogConfig: Setting CVar [[r.GPUCrashDebugging:0]]
[2022.02.13-04.34.30:119][  0]LogConfig: Applying CVar settings from Section [/Script/Engine.RendererOverrideSettings] File [../../../Contest_Easy/Saved/Config/WindowsNoEditor/Engine.ini]
[2022.02.13-04.34.30:119][  0]LogConfig: Applying CVar settings from Section [/Script/Engine.StreamingSettings] File [../../../Contest_Easy/Saved/Config/WindowsNoEditor/Engine.ini]
[2022.02.13-04.34.30:119][  0]LogConfig: Setting CVar [[s.MinBulkDataSizeForAsyncLoading:131072]]
[2022.02.13-04.34.30:119][  0]LogConfig: Setting CVar [[s.AsyncLoadingThreadEnabled:0]]
[2022.02.13-04.34.30:119][  0]LogConfig: Setting CVar [[s.EventDrivenLoaderEnabled:1]]
[2022.02.13-04.34.30:119][  0]LogConfig: Setting CVar [[s.WarnIfTimeLimitExceeded:0]]
[2022.02.13-04.34.30:119][  0]LogConfig: Setting CVar [[s.TimeLimitExceededMultiplier:1.5]]
[2022.02.13-04.34.30:119][  0]LogConfig: Setting CVar [[s.TimeLimitExceededMinTime:0.005]]
[2022.02.13-04.34.30:119][  0]LogConfig: Setting CVar [[s.UseBackgroundLevelStreaming:1]]
[2022.02.13-04.34.30:119][  0]LogConfig: Setting CVar [[s.PriorityAsyncLoadingExtraTime:15.0]]
[2022.02.13-04.34.30:119][  0]LogConfig: Setting CVar [[s.LevelStreamingActorsUpdateTimeLimit:5.0]]
[2022.02.13-04.34.30:119][  0]LogConfig: Setting CVar [[s.PriorityLevelStreamingActorsUpdateExtraTime:5.0]]
[2022.02.13-04.34.30:119][  0]LogConfig: Setting CVar [[s.LevelStreamingComponentsRegistrationGranularity:10]]
[2022.02.13-04.34.30:119][  0]LogConfig: Setting CVar [[s.UnregisterComponentsTimeLimit:1.0]]
[2022.02.13-04.34.30:119][  0]LogConfig: Setting CVar [[s.LevelStreamingComponentsUnregistrationGranularity:5]]
[2022.02.13-04.34.30:119][  0]LogConfig: Setting CVar [[s.FlushStreamingOnExit:1]]
[2022.02.13-04.34.30:119][  0]LogConfig: Applying CVar settings from Section [/Script/Engine.GarbageCollectionSettings] File [../../../Contest_Easy/Saved/Config/WindowsNoEditor/Engine.ini]
[2022.02.13-04.34.30:119][  0]LogConfig: Setting CVar [[gc.MaxObjectsNotConsideredByGC:1]]
[2022.02.13-04.34.30:119][  0]LogConfig: Setting CVar [[gc.SizeOfPermanentObjectPool:0]]
[2022.02.13-04.34.30:119][  0]LogConfig: Setting CVar [[gc.FlushStreamingOnGC:0]]
[2022.02.13-04.34.30:119][  0]LogConfig: Setting CVar [[gc.NumRetriesBeforeForcingGC:10]]
[2022.02.13-04.34.30:119][  0]LogConfig: Setting CVar [[gc.AllowParallelGC:1]]
[2022.02.13-04.34.30:119][  0]LogConfig: Setting CVar [[gc.TimeBetweenPurgingPendingKillObjects:61.1]]
[2022.02.13-04.34.30:119][  0]LogConfig: Setting CVar [[gc.MaxObjectsInEditor:25165824]]
[2022.02.13-04.34.30:119][  0]LogConfig: Setting CVar [[gc.IncrementalBeginDestroyEnabled:1]]
[2022.02.13-04.34.30:119][  0]LogConfig: Setting CVar [[gc.CreateGCClusters:1]]
[2022.02.13-04.34.30:119][  0]LogConfig: Setting CVar [[gc.MinGCClusterSize:5]]
[2022.02.13-04.34.30:119][  0]LogConfig: Setting CVar [[gc.ActorClusteringEnabled:0]]
[2022.02.13-04.34.30:119][  0]LogConfig: Setting CVar [[gc.BlueprintClusteringEnabled:0]]
[2022.02.13-04.34.30:119][  0]LogConfig: Setting CVar [[gc.UseDisregardForGCOnDedicatedServers:0]]
[2022.02.13-04.34.30:119][  0]LogConfig: Applying CVar settings from Section [/Script/Engine.NetworkSettings] File [../../../Contest_Easy/Saved/Config/WindowsNoEditor/Engine.ini]
[2022.02.13-04.34.30:121][  0]LogConfig: Applying CVar settings from Section [ViewDistanceQuality@3] File [../../../Contest_Easy/Saved/Config/WindowsNoEditor/Scalability.ini]
[2022.02.13-04.34.30:121][  0]LogConfig: Setting CVar [[r.SkeletalMeshLODBias:0]]
[2022.02.13-04.34.30:121][  0]LogConfig: Setting CVar [[r.ViewDistanceScale:1.0]]
[2022.02.13-04.34.30:121][  0]LogConfig: Applying CVar settings from Section [AntiAliasingQuality@3] File [../../../Contest_Easy/Saved/Config/WindowsNoEditor/Scalability.ini]
[2022.02.13-04.34.30:121][  0]LogConfig: Setting CVar [[r.PostProcessAAQuality:4]]
[2022.02.13-04.34.30:121][  0]LogConfig: Applying CVar settings from Section [ShadowQuality@3] File [../../../Contest_Easy/Saved/Config/WindowsNoEditor/Scalability.ini]
[2022.02.13-04.34.30:121][  0]LogConfig: Setting CVar [[r.LightFunctionQuality:1]]
[2022.02.13-04.34.30:121][  0]LogConfig: Setting CVar [[r.ShadowQuality:5]]
[2022.02.13-04.34.30:121][  0]LogConfig: Setting CVar [[r.Shadow.CSM.MaxCascades:10]]
[2022.02.13-04.34.30:121][  0]LogConfig: Setting CVar [[r.Shadow.MaxResolution:2048]]
[2022.02.13-04.34.30:121][  0]LogConfig: Setting CVar [[r.Shadow.MaxCSMResolution:2048]]
[2022.02.13-04.34.30:121][  0]LogConfig: Setting CVar [[r.Shadow.RadiusThreshold:0.01]]
[2022.02.13-04.34.30:121][  0]LogConfig: Setting CVar [[r.Shadow.DistanceScale:1.0]]
[2022.02.13-04.34.30:121][  0]LogConfig: Setting CVar [[r.Shadow.CSM.TransitionScale:1.0]]
[2022.02.13-04.34.30:121][  0]LogConfig: Setting CVar [[r.Shadow.PreShadowResolutionFactor:1.0]]
[2022.02.13-04.34.30:121][  0]LogConfig: Setting CVar [[r.DistanceFieldShadowing:1]]
[2022.02.13-04.34.30:121][  0]LogConfig: Setting CVar [[r.DistanceFieldAO:1]]
[2022.02.13-04.34.30:121][  0]LogConfig: Setting CVar [[r.AOQuality:2]]
[2022.02.13-04.34.30:121][  0]LogConfig: Setting CVar [[r.VolumetricFog:1]]
[2022.02.13-04.34.30:121][  0]LogConfig: Setting CVar [[r.VolumetricFog.GridPixelSize:8]]
[2022.02.13-04.34.30:121][  0]LogConfig: Setting CVar [[r.VolumetricFog.GridSizeZ:128]]
[2022.02.13-04.34.30:121][  0]LogConfig: Setting CVar [[r.VolumetricFog.HistoryMissSupersampleCount:4]]
[2022.02.13-04.34.30:121][  0]LogConfig: Setting CVar [[r.LightMaxDrawDistanceScale:1]]
[2022.02.13-04.34.30:121][  0]LogConfig: Setting CVar [[r.CapsuleShadows:1]]
[2022.02.13-04.34.30:121][  0]LogConfig: Applying CVar settings from Section [PostProcessQuality@3] File [../../../Contest_Easy/Saved/Config/WindowsNoEditor/Scalability.ini]
[2022.02.13-04.34.30:121][  0]LogConfig: Setting CVar [[r.MotionBlurQuality:4]]
[2022.02.13-04.34.30:121][  0]LogConfig: Setting CVar [[r.AmbientOcclusionMipLevelFactor:0.4]]
[2022.02.13-04.34.30:121][  0]LogConfig: Setting CVar [[r.AmbientOcclusionMaxQuality:100]]
[2022.02.13-04.34.30:121][  0]LogConfig: Setting CVar [[r.AmbientOcclusionLevels:-1]]
[2022.02.13-04.34.30:121][  0]LogConfig: Setting CVar [[r.AmbientOcclusionRadiusScale:1.0]]
[2022.02.13-04.34.30:121][  0]LogConfig: Setting CVar [[r.DepthOfFieldQuality:2]]
[2022.02.13-04.34.30:121][  0]LogConfig: Setting CVar [[r.RenderTargetPoolMin:400]]
[2022.02.13-04.34.30:121][  0]LogConfig: Setting CVar [[r.LensFlareQuality:2]]
[2022.02.13-04.34.30:121][  0]LogConfig: Setting CVar [[r.SceneColorFringeQuality:1]]
[2022.02.13-04.34.30:121][  0]LogConfig: Setting CVar [[r.EyeAdaptationQuality:2]]
[2022.02.13-04.34.30:121][  0]LogConfig: Setting CVar [[r.BloomQuality:5]]
[2022.02.13-04.34.30:121][  0]LogConfig: Setting CVar [[r.FastBlurThreshold:100]]
[2022.02.13-04.34.30:121][  0]LogConfig: Setting CVar [[r.Upscale.Quality:3]]
[2022.02.13-04.34.30:121][  0]LogConfig: Setting CVar [[r.Tonemapper.GrainQuantization:1]]
[2022.02.13-04.34.30:122][  0]LogConfig: Setting CVar [[r.LightShaftQuality:1]]
[2022.02.13-04.34.30:122][  0]LogConfig: Setting CVar [[r.Filter.SizeScale:1]]
[2022.02.13-04.34.30:122][  0]LogConfig: Setting CVar [[r.Tonemapper.Quality:5]]
[2022.02.13-04.34.30:122][  0]LogConfig: Setting CVar [[r.DOF.Gather.AccumulatorQuality:1        ; higher gathering accumulator quality]]
[2022.02.13-04.34.30:122][  0]LogConfig: Setting CVar [[r.DOF.Gather.PostfilterMethod:1          ; Median3x3 postfilering method]]
[2022.02.13-04.34.30:122][  0]LogConfig: Setting CVar [[r.DOF.Gather.EnableBokehSettings:0       ; no bokeh simulation when gathering]]
[2022.02.13-04.34.30:122][  0]LogConfig: Setting CVar [[r.DOF.Gather.RingCount:4                 ; medium number of samples when gathering]]
[2022.02.13-04.34.30:122][  0]LogConfig: Setting CVar [[r.DOF.Scatter.ForegroundCompositing:1    ; additive foreground scattering]]
[2022.02.13-04.34.30:122][  0]LogConfig: Setting CVar [[r.DOF.Scatter.BackgroundCompositing:2    ; additive background scattering]]
[2022.02.13-04.34.30:122][  0]LogConfig: Setting CVar [[r.DOF.Scatter.EnableBokehSettings:1      ; bokeh simulation when scattering]]
[2022.02.13-04.34.30:122][  0]LogConfig: Setting CVar [[r.DOF.Scatter.MaxSpriteRatio:0.1         ; only a maximum of 10% of scattered bokeh]]
[2022.02.13-04.34.30:122][  0]LogConfig: Setting CVar [[r.DOF.Recombine.Quality:1                ; cheap slight out of focus]]
[2022.02.13-04.34.30:122][  0]LogConfig: Setting CVar [[r.DOF.Recombine.EnableBokehSettings:0    ; no bokeh simulation on slight out of focus]]
[2022.02.13-04.34.30:122][  0]LogConfig: Setting CVar [[r.DOF.TemporalAAQuality:1                ; more stable temporal accumulation]]
[2022.02.13-04.34.30:122][  0]LogConfig: Setting CVar [[r.DOF.Kernel.MaxForegroundRadius:0.025]]
[2022.02.13-04.34.30:122][  0]LogConfig: Setting CVar [[r.DOF.Kernel.MaxBackgroundRadius:0.025]]
[2022.02.13-04.34.30:122][  0]LogConfig: Applying CVar settings from Section [TextureQuality@3] File [../../../Contest_Easy/Saved/Config/WindowsNoEditor/Scalability.ini]
[2022.02.13-04.34.30:122][  0]LogConfig: Setting CVar [[r.Streaming.MipBias:0]]
[2022.02.13-04.34.30:122][  0]LogConfig: Setting CVar [[r.Streaming.AmortizeCPUToGPUCopy:0]]
[2022.02.13-04.34.30:122][  0]LogConfig: Setting CVar [[r.Streaming.MaxNumTexturesToStreamPerFrame:0]]
[2022.02.13-04.34.30:122][  0]LogConfig: Setting CVar [[r.Streaming.Boost:1]]
[2022.02.13-04.34.30:122][  0]LogConfig: Setting CVar [[r.MaxAnisotropy:8]]
[2022.02.13-04.34.30:122][  0]LogConfig: Setting CVar [[r.VT.MaxAnisotropy:8]]
[2022.02.13-04.34.30:122][  0]LogConfig: Setting CVar [[r.Streaming.LimitPoolSizeToVRAM:0]]
[2022.02.13-04.34.30:122][  0]LogConfig: Setting CVar [[r.Streaming.PoolSize:1000]]
[2022.02.13-04.34.30:122][  0]LogConfig: Setting CVar [[r.Streaming.MaxEffectiveScreenSize:0]]
[2022.02.13-04.34.30:122][  0]LogConfig: Applying CVar settings from Section [EffectsQuality@3] File [../../../Contest_Easy/Saved/Config/WindowsNoEditor/Scalability.ini]
[2022.02.13-04.34.30:122][  0]LogConfig: Setting CVar [[r.TranslucencyLightingVolumeDim:64]]
[2022.02.13-04.34.30:122][  0]LogConfig: Setting CVar [[r.RefractionQuality:2]]
[2022.02.13-04.34.30:122][  0]LogConfig: Setting CVar [[r.SSR.Quality:3]]
[2022.02.13-04.34.30:122][  0]LogConfig: Setting CVar [[r.SSR.HalfResSceneColor:0]]
[2022.02.13-04.34.30:122][  0]LogConfig: Setting CVar [[r.SceneColorFormat:4]]
[2022.02.13-04.34.30:122][  0]LogConfig: Setting CVar [[r.DetailMode:2]]
[2022.02.13-04.34.30:122][  0]LogConfig: Setting CVar [[r.TranslucencyVolumeBlur:1]]
[2022.02.13-04.34.30:122][  0]LogConfig: Setting CVar [[r.MaterialQualityLevel:1 ; High quality]]
[2022.02.13-04.34.30:122][  0]LogConfig: Setting CVar [[r.SSS.Scale:1]]
[2022.02.13-04.34.30:122][  0]LogConfig: Setting CVar [[r.SSS.SampleSet:2]]
[2022.02.13-04.34.30:122][  0]LogConfig: Setting CVar [[r.SSS.Quality:1]]
[2022.02.13-04.34.30:122][  0]LogConfig: Setting CVar [[r.SSS.HalfRes:0]]
[2022.02.13-04.34.30:122][  0]LogConfig: Setting CVar [[r.SSGI.Quality:3]]
[2022.02.13-04.34.30:122][  0]LogConfig: Setting CVar [[r.EmitterSpawnRateScale:1.0]]
[2022.02.13-04.34.30:122][  0]LogConfig: Setting CVar [[r.ParticleLightQuality:2]]
[2022.02.13-04.34.30:122][  0]LogConfig: Setting CVar [[r.SkyAtmosphere.AerialPerspectiveLUT.FastApplyOnOpaque:1 ; Always have FastSkyLUT 1 in this case to avoid wrong sky]]
[2022.02.13-04.34.30:122][  0]LogConfig: Setting CVar [[r.SkyAtmosphere.AerialPerspectiveLUT.SampleCountPerSlice:1]]
[2022.02.13-04.34.30:122][  0]LogConfig: Setting CVar [[r.SkyAtmosphere.AerialPerspectiveLUT.DepthResolution:16.0]]
[2022.02.13-04.34.30:122][  0]LogConfig: Setting CVar [[r.SkyAtmosphere.FastSkyLUT:1]]
[2022.02.13-04.34.30:123][  0]LogConfig: Setting CVar [[r.SkyAtmosphere.FastSkyLUT.SampleCountMin:4.0]]
[2022.02.13-04.34.30:123][  0]LogConfig: Setting CVar [[r.SkyAtmosphere.FastSkyLUT.SampleCountMax:32.0]]
[2022.02.13-04.34.30:123][  0]LogConfig: Setting CVar [[r.SkyAtmosphere.SampleCountMin:4.0]]
[2022.02.13-04.34.30:123][  0]LogConfig: Setting CVar [[r.SkyAtmosphere.SampleCountMax:32.0]]
[2022.02.13-04.34.30:123][  0]LogConfig: Setting CVar [[r.SkyAtmosphere.TransmittanceLUT.UseSmallFormat:0]]
[2022.02.13-04.34.30:123][  0]LogConfig: Setting CVar [[r.SkyAtmosphere.TransmittanceLUT.SampleCount:10.0]]
[2022.02.13-04.34.30:123][  0]LogConfig: Setting CVar [[r.SkyAtmosphere.MultiScatteringLUT.SampleCount:15.0]]
[2022.02.13-04.34.30:123][  0]LogConfig: Setting CVar [[fx.Niagara.QualityLevel:3]]
[2022.02.13-04.34.30:123][  0]LogConfig: Applying CVar settings from Section [FoliageQuality@3] File [../../../Contest_Easy/Saved/Config/WindowsNoEditor/Scalability.ini]
[2022.02.13-04.34.30:123][  0]LogConfig: Setting CVar [[foliage.DensityScale:1.0]]
[2022.02.13-04.34.30:123][  0]LogConfig: Setting CVar [[grass.DensityScale:1.0]]
[2022.02.13-04.34.30:123][  0]LogConfig: Applying CVar settings from Section [ShadingQuality@3] File [../../../Contest_Easy/Saved/Config/WindowsNoEditor/Scalability.ini]
[2022.02.13-04.34.30:123][  0]LogConfig: Setting CVar [[r.HairStrands.SkyLighting.SampleCount:16]]
[2022.02.13-04.34.30:123][  0]LogConfig: Setting CVar [[r.HairStrands.SkyLighting.JitterIntegration:0]]
[2022.02.13-04.34.30:123][  0]LogConfig: Setting CVar [[r.HairStrands.SkyAO.SampleCount:16]]
[2022.02.13-04.34.30:123][  0]LogConfig: Setting CVar [[r.HairStrands.DeepShadow.SuperSampling:0]]
[2022.02.13-04.34.30:123][  0]LogConfig: Setting CVar [[r.HairStrands.VisibilityPPLL:0]]
[2022.02.13-04.34.30:123][  0]LogConfig: Setting CVar [[r.HairStrands.RasterizationScale:0.5]]
[2022.02.13-04.34.30:123][  0]LogConfig: Setting CVar [[r.HairStrands.VelocityRasterizationScale:1]]
[2022.02.13-04.34.30:123][  0]LogInit: Selected Device Profile: [WindowsNoEditor]
[2022.02.13-04.34.30:123][  0]LogInit: Applying CVar settings loaded from the selected device profile: [WindowsNoEditor]
[2022.02.13-04.34.30:123][  0]LogHAL: Display: Platform has ~ 6 GB [6436880384 / 8589934592 / 6], which maps to Smaller [LargestMinGB=32, LargerMinGB=12, DefaultMinGB=8, SmallerMinGB=6, SmallestMinGB=0)
[2022.02.13-04.34.30:123][  0]LogInit: Going up to parent DeviceProfile [Windows]
[2022.02.13-04.34.30:123][  0]LogInit: Going up to parent DeviceProfile []
[2022.02.13-04.34.30:123][  0]LogConfig: Applying CVar settings from Section [ViewDistanceQuality@3] File [../../../Contest_Easy/Saved/Config/WindowsNoEditor/Scalability.ini]
[2022.02.13-04.34.30:123][  0]LogConfig: Setting CVar [[r.SkeletalMeshLODBias:0]]
[2022.02.13-04.34.30:123][  0]LogConfig: Setting CVar [[r.ViewDistanceScale:1.0]]
[2022.02.13-04.34.30:123][  0]LogConfig: Applying CVar settings from Section [AntiAliasingQuality@3] File [../../../Contest_Easy/Saved/Config/WindowsNoEditor/Scalability.ini]
[2022.02.13-04.34.30:123][  0]LogConfig: Setting CVar [[r.PostProcessAAQuality:4]]
[2022.02.13-04.34.30:123][  0]LogConfig: Applying CVar settings from Section [ShadowQuality@3] File [../../../Contest_Easy/Saved/Config/WindowsNoEditor/Scalability.ini]
[2022.02.13-04.34.30:123][  0]LogConfig: Setting CVar [[r.LightFunctionQuality:1]]
[2022.02.13-04.34.30:123][  0]LogConfig: Setting CVar [[r.ShadowQuality:5]]
[2022.02.13-04.34.30:123][  0]LogConfig: Setting CVar [[r.Shadow.CSM.MaxCascades:10]]
[2022.02.13-04.34.30:123][  0]LogConfig: Setting CVar [[r.Shadow.MaxResolution:2048]]
[2022.02.13-04.34.30:123][  0]LogConfig: Setting CVar [[r.Shadow.MaxCSMResolution:2048]]
[2022.02.13-04.34.30:123][  0]LogConfig: Setting CVar [[r.Shadow.RadiusThreshold:0.01]]
[2022.02.13-04.34.30:123][  0]LogConfig: Setting CVar [[r.Shadow.DistanceScale:1.0]]
[2022.02.13-04.34.30:123][  0]LogConfig: Setting CVar [[r.Shadow.CSM.TransitionScale:1.0]]
[2022.02.13-04.34.30:123][  0]LogConfig: Setting CVar [[r.Shadow.PreShadowResolutionFactor:1.0]]
[2022.02.13-04.34.30:123][  0]LogConfig: Setting CVar [[r.DistanceFieldShadowing:1]]
[2022.02.13-04.34.30:124][  0]LogConfig: Setting CVar [[r.DistanceFieldAO:1]]
[2022.02.13-04.34.30:124][  0]LogConfig: Setting CVar [[r.AOQuality:2]]
[2022.02.13-04.34.30:124][  0]LogConfig: Setting CVar [[r.VolumetricFog:1]]
[2022.02.13-04.34.30:124][  0]LogConfig: Setting CVar [[r.VolumetricFog.GridPixelSize:8]]
[2022.02.13-04.34.30:124][  0]LogConfig: Setting CVar [[r.VolumetricFog.GridSizeZ:128]]
[2022.02.13-04.34.30:124][  0]LogConfig: Setting CVar [[r.VolumetricFog.HistoryMissSupersampleCount:4]]
[2022.02.13-04.34.30:124][  0]LogConfig: Setting CVar [[r.LightMaxDrawDistanceScale:1]]
[2022.02.13-04.34.30:124][  0]LogConfig: Setting CVar [[r.CapsuleShadows:1]]
[2022.02.13-04.34.30:124][  0]LogConfig: Applying CVar settings from Section [PostProcessQuality@3] File [../../../Contest_Easy/Saved/Config/WindowsNoEditor/Scalability.ini]
[2022.02.13-04.34.30:124][  0]LogConfig: Setting CVar [[r.MotionBlurQuality:4]]
[2022.02.13-04.34.30:124][  0]LogConfig: Setting CVar [[r.AmbientOcclusionMipLevelFactor:0.4]]
[2022.02.13-04.34.30:124][  0]LogConfig: Setting CVar [[r.AmbientOcclusionMaxQuality:100]]
[2022.02.13-04.34.30:124][  0]LogConfig: Setting CVar [[r.AmbientOcclusionLevels:-1]]
[2022.02.13-04.34.30:124][  0]LogConfig: Setting CVar [[r.AmbientOcclusionRadiusScale:1.0]]
[2022.02.13-04.34.30:124][  0]LogConfig: Setting CVar [[r.DepthOfFieldQuality:2]]
[2022.02.13-04.34.30:124][  0]LogConfig: Setting CVar [[r.RenderTargetPoolMin:400]]
[2022.02.13-04.34.30:124][  0]LogConfig: Setting CVar [[r.LensFlareQuality:2]]
[2022.02.13-04.34.30:124][  0]LogConfig: Setting CVar [[r.SceneColorFringeQuality:1]]
[2022.02.13-04.34.30:124][  0]LogConfig: Setting CVar [[r.EyeAdaptationQuality:2]]
[2022.02.13-04.34.30:124][  0]LogConfig: Setting CVar [[r.BloomQuality:5]]
[2022.02.13-04.34.30:124][  0]LogConfig: Setting CVar [[r.FastBlurThreshold:100]]
[2022.02.13-04.34.30:124][  0]LogConfig: Setting CVar [[r.Upscale.Quality:3]]
[2022.02.13-04.34.30:124][  0]LogConfig: Setting CVar [[r.Tonemapper.GrainQuantization:1]]
[2022.02.13-04.34.30:124][  0]LogConfig: Setting CVar [[r.LightShaftQuality:1]]
[2022.02.13-04.34.30:124][  0]LogConfig: Setting CVar [[r.Filter.SizeScale:1]]
[2022.02.13-04.34.30:124][  0]LogConfig: Setting CVar [[r.Tonemapper.Quality:5]]
[2022.02.13-04.34.30:124][  0]LogConfig: Setting CVar [[r.DOF.Gather.AccumulatorQuality:1        ; higher gathering accumulator quality]]
[2022.02.13-04.34.30:124][  0]LogConfig: Setting CVar [[r.DOF.Gather.PostfilterMethod:1          ; Median3x3 postfilering method]]
[2022.02.13-04.34.30:124][  0]LogConfig: Setting CVar [[r.DOF.Gather.EnableBokehSettings:0       ; no bokeh simulation when gathering]]
[2022.02.13-04.34.30:124][  0]LogConfig: Setting CVar [[r.DOF.Gather.RingCount:4                 ; medium number of samples when gathering]]
[2022.02.13-04.34.30:124][  0]LogConfig: Setting CVar [[r.DOF.Scatter.ForegroundCompositing:1    ; additive foreground scattering]]
[2022.02.13-04.34.30:124][  0]LogConfig: Setting CVar [[r.DOF.Scatter.BackgroundCompositing:2    ; additive background scattering]]
[2022.02.13-04.34.30:124][  0]LogConfig: Setting CVar [[r.DOF.Scatter.EnableBokehSettings:1      ; bokeh simulation when scattering]]
[2022.02.13-04.34.30:124][  0]LogConfig: Setting CVar [[r.DOF.Scatter.MaxSpriteRatio:0.1         ; only a maximum of 10% of scattered bokeh]]
[2022.02.13-04.34.30:124][  0]LogConfig: Setting CVar [[r.DOF.Recombine.Quality:1                ; cheap slight out of focus]]
[2022.02.13-04.34.30:124][  0]LogConfig: Setting CVar [[r.DOF.Recombine.EnableBokehSettings:0    ; no bokeh simulation on slight out of focus]]
[2022.02.13-04.34.30:125][  0]LogConfig: Setting CVar [[r.DOF.TemporalAAQuality:1                ; more stable temporal accumulation]]
[2022.02.13-04.34.30:125][  0]LogConfig: Setting CVar [[r.DOF.Kernel.MaxForegroundRadius:0.025]]
[2022.02.13-04.34.30:125][  0]LogConfig: Setting CVar [[r.DOF.Kernel.MaxBackgroundRadius:0.025]]
[2022.02.13-04.34.30:125][  0]LogConfig: Applying CVar settings from Section [TextureQuality@3] File [../../../Contest_Easy/Saved/Config/WindowsNoEditor/Scalability.ini]
[2022.02.13-04.34.30:125][  0]LogConfig: Setting CVar [[r.Streaming.MipBias:0]]
[2022.02.13-04.34.30:125][  0]LogConfig: Setting CVar [[r.Streaming.AmortizeCPUToGPUCopy:0]]
[2022.02.13-04.34.30:125][  0]LogConfig: Setting CVar [[r.Streaming.MaxNumTexturesToStreamPerFrame:0]]
[2022.02.13-04.34.30:125][  0]LogConfig: Setting CVar [[r.Streaming.Boost:1]]
[2022.02.13-04.34.30:125][  0]LogConfig: Setting CVar [[r.MaxAnisotropy:8]]
[2022.02.13-04.34.30:125][  0]LogConfig: Setting CVar [[r.VT.MaxAnisotropy:8]]
[2022.02.13-04.34.30:125][  0]LogConfig: Setting CVar [[r.Streaming.LimitPoolSizeToVRAM:0]]
[2022.02.13-04.34.30:125][  0]LogConfig: Setting CVar [[r.Streaming.PoolSize:1000]]
[2022.02.13-04.34.30:125][  0]LogConfig: Setting CVar [[r.Streaming.MaxEffectiveScreenSize:0]]
[2022.02.13-04.34.30:125][  0]LogConfig: Applying CVar settings from Section [EffectsQuality@3] File [../../../Contest_Easy/Saved/Config/WindowsNoEditor/Scalability.ini]
[2022.02.13-04.34.30:125][  0]LogConfig: Setting CVar [[r.TranslucencyLightingVolumeDim:64]]
[2022.02.13-04.34.30:125][  0]LogConfig: Setting CVar [[r.RefractionQuality:2]]
[2022.02.13-04.34.30:125][  0]LogConfig: Setting CVar [[r.SSR.Quality:3]]
[2022.02.13-04.34.30:125][  0]LogConfig: Setting CVar [[r.SSR.HalfResSceneColor:0]]
[2022.02.13-04.34.30:125][  0]LogConfig: Setting CVar [[r.SceneColorFormat:4]]
[2022.02.13-04.34.30:125][  0]LogConfig: Setting CVar [[r.DetailMode:2]]
[2022.02.13-04.34.30:125][  0]LogConfig: Setting CVar [[r.TranslucencyVolumeBlur:1]]
[2022.02.13-04.34.30:125][  0]LogConfig: Setting CVar [[r.MaterialQualityLevel:1 ; High quality]]
[2022.02.13-04.34.30:125][  0]LogConfig: Setting CVar [[r.SSS.Scale:1]]
[2022.02.13-04.34.30:125][  0]LogConfig: Setting CVar [[r.SSS.SampleSet:2]]
[2022.02.13-04.34.30:125][  0]LogConfig: Setting CVar [[r.SSS.Quality:1]]
[2022.02.13-04.34.30:125][  0]LogConfig: Setting CVar [[r.SSS.HalfRes:0]]
[2022.02.13-04.34.30:125][  0]LogConfig: Setting CVar [[r.SSGI.Quality:3]]
[2022.02.13-04.34.30:125][  0]LogConfig: Setting CVar [[r.EmitterSpawnRateScale:1.0]]
[2022.02.13-04.34.30:125][  0]LogConfig: Setting CVar [[r.ParticleLightQuality:2]]
[2022.02.13-04.34.30:126][  0]LogConfig: Setting CVar [[r.SkyAtmosphere.AerialPerspectiveLUT.FastApplyOnOpaque:1 ; Always have FastSkyLUT 1 in this case to avoid wrong sky]]
[2022.02.13-04.34.30:126][  0]LogConfig: Setting CVar [[r.SkyAtmosphere.AerialPerspectiveLUT.SampleCountPerSlice:1]]
[2022.02.13-04.34.30:126][  0]LogConfig: Setting CVar [[r.SkyAtmosphere.AerialPerspectiveLUT.DepthResolution:16.0]]
[2022.02.13-04.34.30:126][  0]LogConfig: Setting CVar [[r.SkyAtmosphere.FastSkyLUT:1]]
[2022.02.13-04.34.30:126][  0]LogConfig: Setting CVar [[r.SkyAtmosphere.FastSkyLUT.SampleCountMin:4.0]]
[2022.02.13-04.34.30:126][  0]LogConfig: Setting CVar [[r.SkyAtmosphere.FastSkyLUT.SampleCountMax:32.0]]
[2022.02.13-04.34.30:126][  0]LogConfig: Setting CVar [[r.SkyAtmosphere.SampleCountMin:4.0]]
[2022.02.13-04.34.30:126][  0]LogConfig: Setting CVar [[r.SkyAtmosphere.SampleCountMax:32.0]]
[2022.02.13-04.34.30:126][  0]LogConfig: Setting CVar [[r.SkyAtmosphere.TransmittanceLUT.UseSmallFormat:0]]
[2022.02.13-04.34.30:126][  0]LogConfig: Setting CVar [[r.SkyAtmosphere.TransmittanceLUT.SampleCount:10.0]]
[2022.02.13-04.34.30:126][  0]LogConfig: Setting CVar [[r.SkyAtmosphere.MultiScatteringLUT.SampleCount:15.0]]
[2022.02.13-04.34.30:126][  0]LogConfig: Setting CVar [[fx.Niagara.QualityLevel:3]]
[2022.02.13-04.34.30:126][  0]LogConfig: Applying CVar settings from Section [FoliageQuality@3] File [../../../Contest_Easy/Saved/Config/WindowsNoEditor/Scalability.ini]
[2022.02.13-04.34.30:126][  0]LogConfig: Setting CVar [[foliage.DensityScale:1.0]]
[2022.02.13-04.34.30:126][  0]LogConfig: Setting CVar [[grass.DensityScale:1.0]]
[2022.02.13-04.34.30:126][  0]LogConfig: Applying CVar settings from Section [ShadingQuality@3] File [../../../Contest_Easy/Saved/Config/WindowsNoEditor/Scalability.ini]
[2022.02.13-04.34.30:126][  0]LogConfig: Setting CVar [[r.HairStrands.SkyLighting.SampleCount:16]]
[2022.02.13-04.34.30:126][  0]LogConfig: Setting CVar [[r.HairStrands.SkyLighting.JitterIntegration:0]]
[2022.02.13-04.34.30:126][  0]LogConfig: Setting CVar [[r.HairStrands.SkyAO.SampleCount:16]]
[2022.02.13-04.34.30:126][  0]LogConfig: Setting CVar [[r.HairStrands.DeepShadow.SuperSampling:0]]
[2022.02.13-04.34.30:126][  0]LogConfig: Setting CVar [[r.HairStrands.VisibilityPPLL:0]]
[2022.02.13-04.34.30:126][  0]LogConfig: Setting CVar [[r.HairStrands.RasterizationScale:0.5]]
[2022.02.13-04.34.30:126][  0]LogConfig: Setting CVar [[r.HairStrands.VelocityRasterizationScale:1]]
[2022.02.13-04.34.30:126][  0]LogConfig: Applying CVar settings from Section [Startup] File [../../../Engine/Config/ConsoleVariables.ini]
[2022.02.13-04.34.30:127][  0]LogConfig: Setting CVar [[net.UseAdaptiveNetUpdateFrequency:0]]
[2022.02.13-04.34.30:127][  0]LogConfig: Setting CVar [[p.chaos.AllowCreatePhysxBodies:1]]
[2022.02.13-04.34.30:127][  0]LogConfig: Setting CVar [[fx.SkipVectorVMBackendOptimizations:1]]
[2022.02.13-04.34.30:127][  0]LogConfig: Applying CVar settings from Section [ConsoleVariables] File [../../../Contest_Easy/Saved/Config/WindowsNoEditor/Engine.ini]
[2022.02.13-04.34.30:127][  0]LogInit: Computer: D0B5
[2022.02.13-04.34.30:127][  0]LogInit: User: husky
[2022.02.13-04.34.30:127][  0]LogInit: CPU Page size=4096, Cores=4
[2022.02.13-04.34.30:128][  0]LogInit: High frequency timer resolution =24.000000 MHz
[2022.02.13-04.34.30:128][  0]LogMemory: Memory total: Physical=6.0GB (6GB approx)
[2022.02.13-04.34.30:128][  0]LogMemory: Platform Memory Stats for WindowsNoEditor
[2022.02.13-04.34.30:128][  0]LogMemory: Process Physical Memory: 95.18 MB used, 95.18 MB peak
[2022.02.13-04.34.30:128][  0]LogMemory: Process Virtual Memory: 86.69 MB used, 86.69 MB peak
[2022.02.13-04.34.30:128][  0]LogMemory: Physical Memory: 3823.39 MB used,  2315.30 MB free, 6138.69 MB total
[2022.02.13-04.34.30:128][  0]LogMemory: Virtual Memory: 9274.40 MB used,  134208456.00 MB free, 134217728.00 MB total
[2022.02.13-04.34.30:136][  0]LogWindows: WindowsPlatformFeatures enabled
[2022.02.13-04.34.30:206][  0]LogInit: Physics initialised using underlying interface: PhysX
[2022.02.13-04.34.30:207][  0]LogInit: Using OS detected language (zh-CN).
[2022.02.13-04.34.30:207][  0]LogInit: Using OS detected locale (zh-CN).
[2022.02.13-04.34.30:209][  0]LogTextLocalizationManager: No localization for 'zh-CN' exists, so 'en' will be used for the language.
[2022.02.13-04.34.30:210][  0]LogTextLocalizationManager: No localization for 'zh-CN' exists, so 'en' will be used for the locale.
[2022.02.13-04.34.30:273][  0]LogSlate: New Slate User Created.  User Index 0, Is Virtual User: 0
[2022.02.13-04.34.30:273][  0]LogSlate: Slate User Registered.  User Index 0, Is Virtual User: 0
[2022.02.13-04.34.30:298][  0]LogD3D11RHI: D3D11 min allowed feature level: 11_0
[2022.02.13-04.34.30:298][  0]LogD3D11RHI: D3D11 max allowed feature level: 11_0
[2022.02.13-04.34.30:298][  0]LogD3D11RHI: D3D11 adapters:
[2022.02.13-04.34.30:306][  0]LogD3D11RHI:    0. 'Parallels Display Adapter (WDDM)' (Feature Level 11_0)
[2022.02.13-04.34.30:306][  0]LogD3D11RHI:       0/0/3069 MB DedicatedVideo/DedicatedSystem/SharedSystem, Outputs:1, VendorId:0x344c5250
[2022.02.13-04.34.30:309][  0]LogD3D11RHI:    1. 'Microsoft Basic Render Driver' (Feature Level 11_0)
[2022.02.13-04.34.30:309][  0]LogD3D11RHI:       0/0/3069 MB DedicatedVideo/DedicatedSystem/SharedSystem, Outputs:0, VendorId:0x1414
[2022.02.13-04.34.30:309][  0]LogD3D11RHI: Chosen D3D11 Adapter: 0
[2022.02.13-04.34.30:316][  0]LogD3D11RHI: Creating new Direct3DDevice
[2022.02.13-04.34.30:316][  0]LogD3D11RHI:     GPU DeviceId: 0x353030 (for the marketing name, search the web for "GPU Device Id")
[2022.02.13-04.34.30:316][  0]LogWindows: EnumDisplayDevices:
[2022.02.13-04.34.30:316][  0]LogWindows:    0. 'Parallels Display Adapter (WDDM)' (P:1 D:1)
[2022.02.13-04.34.30:316][  0]LogWindows:    1. 'Parallels Display Adapter (WDDM)' (P:0 D:0)
[2022.02.13-04.34.30:316][  0]LogWindows:    2. 'Parallels Display Adapter (WDDM)' (P:0 D:0)
[2022.02.13-04.34.30:317][  0]LogWindows: DebugString: GetVideoDriverDetailsInvalid GetVideoDriverDetailsInvalid GetVideoDriverDetailsInvalid FoundDriverCount:3 
[2022.02.13-04.34.30:317][  0]LogD3D11RHI:     Adapter Name: Parallels Display Adapter (WDDM)
[2022.02.13-04.34.30:317][  0]LogD3D11RHI:   Driver Version: 17.1.1.51537 (internal:17.1.1.51537, unified:17.1.1.51537)
[2022.02.13-04.34.30:317][  0]LogD3D11RHI:      Driver Date: 11-24-2021
[2022.02.13-04.34.30:317][  0]LogRHI: Texture pool is 1074 MB (70% of 1534 MB)
[2022.02.13-04.34.30:320][  0]LogD3D11RHI: RHI does not have support for 64 bit atomics
[2022.02.13-04.34.30:320][  0]LogD3D11RHI: Async texture creation disabled: no driver support
[2022.02.13-04.34.30:331][  0]LogD3D11RHI: GPU Timing Frequency: 24.000000 (Debug: 2 0)
[2022.02.13-04.34.30:336][  0]LogShaderLibrary: Display: Using ../../../Contest_Easy/Content/ShaderArchive-Global-PCD3D_SM5.ushaderbytecode for material shader code. Total 2058 unique shaders.
[2022.02.13-04.34.30:336][  0]LogShaderLibrary: Display: Cooked Context: Using Shared Shader Library Global
[2022.02.13-04.34.30:339][  0]LogTemp: Warning: Clearing the OS Cache
[2022.02.13-04.34.30:345][  0]LogPakFile: New pak file ../../../Contest_Easy/Content/Paks/Contest_Easy-WindowsNoEditor.pak added to pak precacher.
[2022.02.13-04.34.30:410][  0]LogSlate: Using FreeType 2.10.0
[2022.02.13-04.34.30:412][  0]LogSlate: SlateFontServices - WITH_FREETYPE: 1, WITH_HARFBUZZ: 1
[2022.02.13-04.34.30:478][  0]LogShaderLibrary: Display: Using ../../../Contest_Easy/Content/ShaderArchive-Contest_Easy-PCD3D_SM5.ushaderbytecode for material shader code. Total 3794 unique shaders.
[2022.02.13-04.34.30:478][  0]LogShaderLibrary: Display: Cooked Context: Using Shared Shader Library Contest_Easy
[2022.02.13-04.34.30:478][  0]LogRHI: Display: Opened pipeline cache after state change and enqueued 0 of 0 tasks for precompile.
[2022.02.13-04.34.30:478][  0]LogRHI: Display: Failed to open default shader pipeline cache for Contest_Easy using shader platform 0.
[2022.02.13-04.34.30:478][  0]LogRHI: Display: Failed to open default shader pipeline cache for Contest_Easy using shader platform 0.
[2022.02.13-04.34.30:478][  0]LogInit: Using OS detected language (zh-CN).
[2022.02.13-04.34.30:479][  0]LogInit: Using OS detected locale (zh-CN).
[2022.02.13-04.34.30:479][  0]LogTextLocalizationManager: No localization for 'zh-CN' exists, so 'en' will be used for the language.
[2022.02.13-04.34.30:480][  0]LogTextLocalizationManager: No localization for 'zh-CN' exists, so 'en' will be used for the locale.
[2022.02.13-04.34.30:482][  0]LogTextLocalizationManager: Compacting localization data took   2.02ms
[2022.02.13-04.34.30:509][  0]LogAssetRegistry: FAssetRegistry took 0.0251 seconds to start up
[2022.02.13-04.34.30:802][  0]LogStreaming: Display: Flushing async loaders.
[2022.02.13-04.34.30:803][  0]LogPackageLocalizationCache: Processed 17 localized package path(s) for 1 prioritized culture(s) in 0.000182 seconds
[2022.02.13-04.34.30:814][  0]LogInit: Selected Device Profile: [WindowsNoEditor]
[2022.02.13-04.34.30:844][  0]LogNetVersion: Contest_Easy 1.0.0, NetCL: 13144385, EngineNetVer: 14, GameNetVer: 0 (Checksum: 368055830)
[2022.02.13-04.34.31:031][  0]LogAudioCaptureCore: Display: No Audio Capture implementations found. Audio input will be silent.
[2022.02.13-04.34.31:031][  0]LogAudioCaptureCore: Display: No Audio Capture implementations found. Audio input will be silent.
[2022.02.13-04.34.31:077][  0]LogAISub: UAISubsystem::UAISubsystem AISubsystem (0000021932C02100), frame # 0
[2022.02.13-04.34.31:077][  0]LogAISub: UAISubsystem::UAISubsystem AIPerceptionSystem (000002193B8C1280), frame # 0
[2022.02.13-04.34.31:079][  0]LogAISub: UAISubsystem::UAISubsystem EnvQueryManager (000002193A839E00), frame # 0
[2022.02.13-04.34.31:100][  0]LogMoviePlayer: Initializing movie player
[2022.02.13-04.34.31:101][  0]LogTemp: StartupModule: AirSim plugin
[2022.02.13-04.34.31:108][  0]LogAndroidPermission: UAndroidPermissionCallbackProxy::GetInstance
[2022.02.13-04.34.31:116][  0]LogUObjectArray: 14473 objects as part of root set at end of initial load.
[2022.02.13-04.34.31:116][  0]LogUObjectArray: 2 objects are not in the root set, but can never be destroyed because they are in the DisregardForGC set.
[2022.02.13-04.34.31:116][  0]LogUObjectAllocator: 3001784 out of 0 bytes used by permanent object pool.
[2022.02.13-04.34.31:116][  0]LogUObjectArray: CloseDisregardForGC: 14473/14473 objects in disregard for GC pool
[2022.02.13-04.34.31:117][  0]LogEngine: Initializing Engine...
[2022.02.13-04.34.31:120][  0]LogStats: UGameplayTagsManager::InitializeManager -  0.001 s
[2022.02.13-04.34.31:256][  0]LogPakFile: Precache HighWater 16MB

[2022.02.13-04.34.31:256][  0]LogPakFile: Precache HighWater 32MB

[2022.02.13-04.34.31:256][  0]LogInit: Initializing FReadOnlyCVARCache
[2022.02.13-04.34.31:257][  0]LogAudioMixer: Display: Audio Mixer Platform Settings:
[2022.02.13-04.34.31:258][  0]LogAudioMixer: Display: 	Sample Rate:						  48000
[2022.02.13-04.34.31:258][  0]LogAudioMixer: Display: 	Callback Buffer Frame Size Requested: 1024
[2022.02.13-04.34.31:258][  0]LogAudioMixer: Display: 	Callback Buffer Frame Size To Use:	  1024
[2022.02.13-04.34.31:258][  0]LogAudioMixer: Display: 	Number of buffers to queue:			  2
[2022.02.13-04.34.31:258][  0]LogAudioMixer: Display: 	Max Channels (voices):				  32
[2022.02.13-04.34.31:258][  0]LogAudioMixer: Display: 	Number of Async Source Workers:		  0
[2022.02.13-04.34.31:259][  0]LogAudio: Display: AudioDevice MaxSources: 32
[2022.02.13-04.34.31:259][  0]LogAudio: Display: Using built-in audio occlusion.
[2022.02.13-04.34.31:260][  0]LogAudioMixer: Display: Initializing audio mixer.
[2022.02.13-04.34.31:308][  0]LogAudioDebug: Display: Lib vorbis DLL was dynamically loaded.
[2022.02.13-04.34.31:318][  0]LogAudioMixer: Display: 0: FrontLeft
[2022.02.13-04.34.31:318][  0]LogAudioMixer: Display: 1: FrontRight
[2022.02.13-04.34.31:357][  0]LogAudioMixer: Display: Using Audio Device 扬声器 (High Definition Audio Device)
[2022.02.13-04.34.31:358][  0]LogAudioMixer: Display: Initializing Sound Submixes...
[2022.02.13-04.34.31:363][  0]LogAudioMixer: Display: Creating Master Submix 'MasterSubmixDefault'
[2022.02.13-04.34.31:364][  0]LogAudioMixer: Display: Creating Master Submix 'MasterReverbSubmixDefault'
[2022.02.13-04.34.31:368][  0]LogAudioMixer: Display: Creating Master Submix 'MasterEQSubmixDefault'
[2022.02.13-04.34.31:369][  0]LogInit: FAudioDevice initialized.
[2022.02.13-04.34.31:377][  0]LogNetVersion: Set ProjectVersion to 1.0.0.0. Version Checksum will be recalculated on next use.
[2022.02.13-04.34.31:377][  0]LogInit: Texture streaming: Enabled
[2022.02.13-04.34.31:389][  0]LogSlate: Updating window title bar state: overlay mode, drag disabled, window buttons hidden, title bar hidden
[2022.02.13-04.34.31:390][  0]LogInit: Display: Game Engine Initialized.
[2022.02.13-04.34.31:393][  0]LogInit: Display: Starting Game.
[2022.02.13-04.34.31:393][  0]LogNet: Browse: /Game/Stylized_Forest/Maps/Demonstration?Name=Player
[2022.02.13-04.34.31:393][  0]LogLoad: LoadMap: /Game/Stylized_Forest/Maps/Demonstration?Name=Player
[2022.02.13-04.34.31:393][  0]LogWorld: BeginTearingDown for /Temp/Untitled_0
[2022.02.13-04.34.31:398][  0]LogWorld: UWorld::CleanupWorld for Untitled, bSessionEnded=true, bCleanupResources=true
[2022.02.13-04.34.31:400][  0]LogSlate: InvalidateAllWidgets triggered.  All widgets were invalidated
[2022.02.13-04.34.31:415][  0]LogUObjectHash: Compacting FUObjectHashTables data took   1.99ms
[2022.02.13-04.34.31:607][  0]LogAIModule: Creating AISystem for world Demonstration
[2022.02.13-04.34.31:608][  0]LogAISub: UAISubsystem::UAISubsystem EnvQueryManager (0000021915D92200), frame # 0
[2022.02.13-04.34.31:609][  0]LogAISub: UAISubsystem::UAISubsystem AIPerceptionSystem (00000219163EF240), frame # 0
[2022.02.13-04.34.31:610][  0]LogLoad: Game class is 'AirSimGameMode'
[2022.02.13-04.34.31:639][  0]LogWorld: Bringing World /Game/Stylized_Forest/Maps/Demonstration.Demonstration up for play (max tick rate 0) at 2022.02.13-12.34.31
[2022.02.13-04.34.31:640][  0]LogWorld: Bringing up level for play took: 0.029220
[2022.02.13-04.34.31:654][  0]LogBlueprintUserMessages: [Forest_Random_Position_GR_BP_2] 1
[2022.02.13-04.34.31:654][  0]LogBlueprintUserMessages: [Forest_Random_Position_GR_BP_2] 2
[2022.02.13-04.34.31:654][  0]LogBlueprintUserMessages: [Forest_Random_Position_GR_BP_2] 3
[2022.02.13-04.34.31:654][  0]LogBlueprintUserMessages: [Forest_Random_Position_GR_BP_2] 4
[2022.02.13-04.34.31:654][  0]LogBlueprintUserMessages: [Forest_Random_Position_GR_BP_2] 5
[2022.02.13-04.34.31:654][  0]LogBlueprintUserMessages: [Forest_Random_Position_GR_BP_2] 6
[2022.02.13-04.34.31:655][  0]LogBlueprintUserMessages: [Forest_Random_Position_GR_BP_2] 7
[2022.02.13-04.34.31:844][  0]LogPackageName: SearchForPackageOnDisk took   0.190s, but failed to resolve Blocks.
[2022.02.13-04.34.31:852][  0]r.CustomDepth = "3"
[2022.02.13-04.34.31:852][  0]LogUMG: Display: Widget Class BP_LoadingScreenWidget_C - Loaded Fast Template.
[2022.02.13-04.34.31:853][  0]LogLevel: WORLD TRANSLATION BEGIN {0, 0, 0} -> {-420, 10, 212}
[2022.02.13-04.34.31:854][  0]LogLevel: WORLD TRANSLATION END {-420, 10, 212} took 0.6729 ms
[2022.02.13-04.34.31:858][  0]LogActor: Warning: BP_CameraDirector_C /Game/Stylized_Forest/Maps/Demonstration.Demonstration:PersistentLevel.CameraDirector has natively added scene component(s), but none of them were set as the actor's RootComponent - picking one arbitrarily
[2022.02.13-04.34.32:125][  0]LogTemp: drone_1
[2022.02.13-04.34.32:126][  0]LogUMG: Display: Widget Class BP_SimHUDWidget_C - Loaded Fast Template.
[2022.02.13-04.34.32:131][  0]LogUMG: Display: Widget Class timeScoreDisplay_C - Loaded Fast Template.
[2022.02.13-04.34.32:133][  0]r.ScreenPercentage = "180"
[2022.02.13-04.34.32:134][  0]r.ShadowQuality = "1"
[2022.02.13-04.34.32:134][  0]LogLevel: Warning: EnableInput on a LevelScript actor can not be specified for only one PlayerController.  Enabling for all PlayerControllers.
[2022.02.13-04.34.32:134][  0]LogLoad: Took 0.741039 seconds to LoadMap(/Game/Stylized_Forest/Maps/Demonstration)
[2022.02.13-04.34.32:137][  0]LogSlate: Took 0.001266 seconds to synchronously load lazily loaded font '../../../Engine/Content/EngineFonts/Faces/RobotoBold.ufont' (160K)
[2022.02.13-04.34.32:162][  0]LogSlate: Took 0.001921 seconds to synchronously load lazily loaded font '../../../Engine/Content/Slate/Fonts/Roboto-Regular.ttf' (155K)
[2022.02.13-04.34.32:179][  0]LogRenderer: Reallocating scene render targets to support 1440x864 Format 10 NumSamples 1 (Frame:1).
[2022.02.13-04.34.32:179][  0]LogRHI: Display: ShaderPipelineCache: Paused Batching. 1
[2022.02.13-04.34.32:179][  0]LogRHI: Display: ShaderPipelineCache: Resumed Batching. 0
[2022.02.13-04.34.32:179][  0]LogRHI: Display: ShaderPipelineCache: Batching Resumed.
[2022.02.13-04.34.32:179][  0]LogLoad: (Engine Initialization) Total time: 2.93 seconds
[2022.02.13-04.34.32:512][  0]LogContentStreaming: Texture pool size now 1000 MB
[2022.02.13-04.34.32:586][  2]LogRenderer: Reallocating scene render targets to support 128x128 Format 10 NumSamples 1 (Frame:1).
[2022.02.13-04.34.32:782][  2]LogRenderer: Reallocating scene render targets to support 1440x864 Format 10 NumSamples 1 (Frame:2).
[2022.02.13-04.34.34:166][ 16]LogPakFile: Precache HighWater 48MB

[2022.02.13-04.34.35:838][ 66]LogTemp: lookahead = 0.750000, adaptive_lookahead = 1.000000
[2022.02.13-04.34.36:004][ 71]LogBlueprintUserMessages: [Forest_Random_Position_GR_BP_2] Game Start
[2022.02.13-04.34.36:010][ 71]LogBlueprintUserMessages: [Forest_Random_Position_GR_BP_2] Game Start
[2022.02.13-04.34.36:011][ 71]LogBlueprintUserMessages: [Forest_Random_Position_GR_BP_2] Game Start
[2022.02.13-04.34.36:011][ 71]LogBlueprintUserMessages: [Forest_Random_Position_GR_BP_2] Game Start
[2022.02.13-04.34.36:270][ 80]LogBlueprintUserMessages: [Forest_Random_Position_GR_BP_2] Game Start
[2022.02.13-04.34.36:356][ 83]LogTemp: lookahead = 8.999999, adaptive_lookahead = 1.000000
[2022.02.13-04.34.36:356][ 83]LogTemp: lookahead = 8.999999, adaptive_lookahead = 1.000000
[2022.02.13-04.34.38:130][135]LogTemp: segment 0 done: x=0.000000, y=0.000000, z=0.779324
[2022.02.13-04.34.38:130][135]LogTemp: overshoot=0.123744
[2022.02.13-04.34.38:153][136]LogTemp: lookahead = 7.800000, adaptive_lookahead = 1.000000
[2022.02.13-04.34.38:153][136]LogTemp: lookahead = 6.000000, adaptive_lookahead = 1.000000
[2022.02.13-04.34.39:156][166]LogTemp: segment 0 done: x=8.370810, y=-6.904829, z=-2.402972
[2022.02.13-04.34.39:156][166]LogTemp: overshoot=0.126833
[2022.02.13-04.34.39:179][167]LogTemp: lookahead = 6.000000, adaptive_lookahead = 1.000000
[2022.02.13-04.34.39:179][167]LogTemp: lookahead = 4.800000, adaptive_lookahead = 1.000000
[2022.02.13-04.34.40:235][200]LogBlueprintUserMessages: [Forest_Random_Position_GR_BP_2] 1
[2022.02.13-04.34.40:543][211]LogTemp: segment 0 done: x=14.405181, y=-14.719166, z=-4.233082
[2022.02.13-04.34.40:543][211]LogTemp: overshoot=0.020541
[2022.02.13-04.34.40:565][211]LogTemp: lookahead = 6.000000, adaptive_lookahead = 1.000000
[2022.02.13-04.34.40:565][211]LogTemp: lookahead = 7.800000, adaptive_lookahead = 1.000000
[2022.02.13-04.34.42:503][274]LogTemp: segment 0 done: x=15.170343, y=-24.655453, z=-3.365711
[2022.02.13-04.34.42:503][274]LogTemp: overshoot=0.036152
[2022.02.13-04.34.42:523][274]LogTemp: lookahead = 8.999999, adaptive_lookahead = 1.000000
[2022.02.13-04.34.42:524][274]LogTemp: lookahead = 7.800000, adaptive_lookahead = 1.000000
[2022.02.13-04.34.42:524][274]LogTemp: lookahead = 6.000000, adaptive_lookahead = 1.000000
[2022.02.13-04.34.44:117][324]LogTemp: segment 0 done: x=18.208672, y=-33.550762, z=-5.136234
[2022.02.13-04.34.44:117][324]LogTemp: overshoot=0.030476
[2022.02.13-04.34.44:139][325]LogTemp: lookahead = 4.800000, adaptive_lookahead = 1.000000
[2022.02.13-04.34.44:765][344]LogBlueprintUserMessages: [Forest_Random_Position_GR_BP_2] 2
[2022.02.13-04.34.44:994][352]LogTemp: segment 0 done: x=24.295786, y=-41.542725, z=-3.886265
[2022.02.13-04.34.44:994][352]LogTemp: overshoot=0.029026
[2022.02.13-04.34.45:015][352]LogTemp: lookahead = 6.000000, adaptive_lookahead = 1.000000
[2022.02.13-04.34.45:015][352]LogTemp: lookahead = 7.800000, adaptive_lookahead = 1.000000
[2022.02.13-04.34.45:015][352]LogTemp: lookahead = 8.999999, adaptive_lookahead = 1.000000
[2022.02.13-04.34.45:018][353]LogTemp: lookahead = 7.800000, adaptive_lookahead = 1.000000
[2022.02.13-04.34.46:659][404]LogTemp: segment 0 done: x=21.952139, y=-46.379501, z=-2.797678
[2022.02.13-04.34.46:659][404]LogTemp: overshoot=0.055130
[2022.02.13-04.34.46:681][405]LogTemp: lookahead = 7.800000, adaptive_lookahead = 1.000000
[2022.02.13-04.34.46:683][405]LogTemp: lookahead = 7.800000, adaptive_lookahead = 1.000000
[2022.02.13-04.34.47:469][429]LogBlueprintUserMessages: [Forest_Random_Position_GR_BP_2] 3
[2022.02.13-04.34.47:579][433]LogTemp: segment 0 done: x=18.376652, y=-58.136745, z=-2.718602
[2022.02.13-04.34.47:579][433]LogTemp: overshoot=0.163882
[2022.02.13-04.34.47:601][434]LogTemp: lookahead = 7.800000, adaptive_lookahead = 1.000000
[2022.02.13-04.34.47:603][434]LogTemp: lookahead = 4.800000, adaptive_lookahead = 1.000000
[2022.02.13-04.34.49:741][504]LogTemp: segment 0 done: x=19.738657, y=-66.720497, z=-2.098542
[2022.02.13-04.34.49:741][504]LogTemp: overshoot=0.057971
[2022.02.13-04.34.49:761][505]LogTemp: lookahead = 8.999999, adaptive_lookahead = 1.000000
[2022.02.13-04.34.50:208][519]LogBlueprintUserMessages: [Forest_Random_Position_GR_BP_2] 4
[2022.02.13-04.34.51:866][571]LogTemp: segment 0 done: x=10.643595, y=-80.409103, z=-0.789001
[2022.02.13-04.34.51:866][571]LogTemp: overshoot=0.251246
[2022.02.13-04.34.51:887][571]LogTemp: lookahead = 7.800000, adaptive_lookahead = 1.000000
[2022.02.13-04.34.51:977][574]LogBlueprintUserMessages: [Forest_Random_Position_GR_BP_2] 5
[2022.02.13-04.34.52:908][606]LogTemp: segment 0 done: x=-10.065041, y=-92.162567, z=-1.737464
[2022.02.13-04.34.52:908][606]LogTemp: overshoot=0.108720
[2022.02.13-04.34.52:929][607]LogTemp: lookahead = 7.680000, adaptive_lookahead = 1.000000
[2022.02.13-04.34.52:929][607]LogTemp: lookahead = 6.600000, adaptive_lookahead = 1.000000
[2022.02.13-04.34.52:929][607]LogTemp: lookahead = 6.600000, adaptive_lookahead = 1.000000
[2022.02.13-04.34.53:621][629]LogBlueprintUserMessages: [Forest_Random_Position_GR_BP_2] 6
[2022.02.13-04.34.53:912][639]LogTemp: segment 0 done: x=-21.942806, y=-97.331497, z=-3.310232
[2022.02.13-04.34.53:912][639]LogTemp: overshoot=0.032349
[2022.02.13-04.34.53:935][640]LogTemp: lookahead = 6.600000, adaptive_lookahead = 1.000000
[2022.02.13-04.34.53:936][640]LogTemp: lookahead = 5.700000, adaptive_lookahead = 1.000000
[2022.02.13-04.34.56:131][711]LogTemp: lookahead = 5.760000, adaptive_lookahead = 1.000000
[2022.02.13-04.34.56:877][734]LogTemp: lookahead = 7.800000, adaptive_lookahead = 1.000000
[2022.02.13-04.34.56:949][736]LogBlueprintUserMessages: [Forest_Random_Position_GR_BP_2] 7
[2022.02.13-04.34.59:446][846]Closing by request
[2022.02.13-04.34.59:446][846]LogWindows: FPlatformMisc::RequestExit(0)
[2022.02.13-04.34.59:446][846]LogCore: Engine exit requested (reason: Win RequestExit)
[2022.02.13-04.34.59:467][847]LogCore: Engine exit requested (reason: EngineExit() was called; note: exit was already requested)
[2022.02.13-04.34.59:471][847]LogAudio: Display: Shutting down audio device while 2 references to it are still alive. For more information, compile with INSTRUMENT_AUDIODEVICE_HANDLES.
[2022.02.13-04.34.59:493][847]LogInit: Display: PreExit Game.
[2022.02.13-04.34.59:527][847]LogWorld: BeginTearingDown for /Game/Stylized_Forest/Maps/Demonstration
[2022.02.13-04.35.01:237][847]LogTemp: segment 0 done: x=-51.670925, y=-102.681763, z=-4.209957
[2022.02.13-04.35.01:237][847]LogTemp: overshoot=0.083550
[2022.02.13-04.35.01:237][847]LogWorld: UWorld::CleanupWorld for Demonstration, bSessionEnded=true, bCleanupResources=true
[2022.02.13-04.35.01:257][847]LogSlate: InvalidateAllWidgets triggered.  All widgets were invalidated
[2022.02.13-04.35.02:144][847]LogSlate: Request Window 'Contest_Easy (64-bit Development PCD3D_SM5) ' being destroyed
[2022.02.13-04.35.02:162][847]LogSlate: Window 'Contest_Easy (64-bit Development PCD3D_SM5) ' being destroyed
[2022.02.13-04.35.02:165][847]LogWindowsTextInputMethodSystem: Display: IME system now deactivated.
[2022.02.13-04.35.02:290][847]LogExit: Preparing to exit.
[2022.02.13-04.35.02:290][847]LogMoviePlayer: Shutting down movie player
[2022.02.13-04.35.02:331][847]LogSlate: Updating window title bar state: overlay mode, drag disabled, window buttons hidden, title bar hidden
[2022.02.13-04.35.02:345][847]LogDemo: Cleaned up 0 splitscreen connections with owner deletion
[2022.02.13-04.35.02:352][847]LogExit: Game engine shut down
[2022.02.13-04.35.02:424][847]LogAISub: UAISubsystem::~UAISubsystem AISubsystem (0000021932C02100), frame # 847
[2022.02.13-04.35.02:424][847]LogAISub: UAISubsystem::~UAISubsystem AIPerceptionSystem (000002193B8C1280), frame # 847
[2022.02.13-04.35.02:425][847]LogAISub: UAISubsystem::~UAISubsystem EnvQueryManager (000002193A839E00), frame # 847
[2022.02.13-04.35.02:438][847]LogAISub: UAISubsystem::~UAISubsystem EnvQueryManager (0000021915D92200), frame # 847
[2022.02.13-04.35.02:438][847]LogAISub: UAISubsystem::~UAISubsystem AIPerceptionSystem (00000219163EF240), frame # 847
[2022.02.13-04.35.02:490][847]LogExit: Object subsystem successfully closed.
[2022.02.13-04.35.02:516][847]LogModuleManager: Shutting down and abandoning module AutomationController (308)
[2022.02.13-04.35.02:516][847]LogModuleManager: Shutting down and abandoning module AutomationWorker (306)
[2022.02.13-04.35.02:516][847]LogModuleManager: Shutting down and abandoning module Voice (304)
[2022.02.13-04.35.02:516][847]LogModuleManager: Shutting down and abandoning module AIModule (302)
[2022.02.13-04.35.02:516][847]LogModuleManager: Shutting down and abandoning module GameplayDebugger (301)
[2022.02.13-04.35.02:517][847]LogModuleManager: Shutting down and abandoning module NavigationSystem (299)
[2022.02.13-04.35.02:517][847]LogModuleManager: Shutting down and abandoning module WebMMediaFactory (296)
[2022.02.13-04.35.02:517][847]LogModuleManager: Shutting down and abandoning module WebMMedia (294)
[2022.02.13-04.35.02:517][847]LogModuleManager: Shutting down and abandoning module WmfMediaFactory (292)
[2022.02.13-04.35.02:517][847]LogModuleManager: Shutting down and abandoning module OpenExrWrapper (290)
[2022.02.13-04.35.02:517][847]LogModuleManager: Shutting down and abandoning module ImgMediaFactory (288)
[2022.02.13-04.35.02:517][847]LogModuleManager: Shutting down and abandoning module AvfMediaFactory (286)
[2022.02.13-04.35.02:517][847]LogModuleManager: Shutting down and abandoning module CharacterAI (284)
[2022.02.13-04.35.02:517][847]LogModuleManager: Shutting down and abandoning module PlanarCut (282)
[2022.02.13-04.35.02:517][847]LogModuleManager: Shutting down and abandoning module SessionServices (280)
[2022.02.13-04.35.02:517][847]LogModuleManager: Shutting down and abandoning module LiveCoding (278)
[2022.02.13-04.35.02:518][847]LogModuleManager: Shutting down and abandoning module LevelSequence (276)
[2022.02.13-04.35.02:518][847]LogModuleManager: Shutting down and abandoning module MovieSceneTracks (274)
[2022.02.13-04.35.02:518][847]LogModuleManager: Shutting down and abandoning module MovieScene (272)
[2022.02.13-04.35.02:518][847]LogModuleManager: Shutting down and abandoning module StreamingPauseRendering (270)
[2022.02.13-04.35.02:518][847]LogModuleManager: Shutting down and abandoning module AudioMixerXAudio2 (268)
[2022.02.13-04.35.02:518][847]LogModuleManager: Shutting down and abandoning module AudioMixerCore (267)
[2022.02.13-04.35.02:518][847]LogModuleManager: Shutting down and abandoning module ImageWriteQueue (264)
[2022.02.13-04.35.02:518][847]LogModuleManager: Shutting down and abandoning module ProfilerService (262)
[2022.02.13-04.35.02:546][847]LogModuleManager: Shutting down and abandoning module TaskGraph (260)
[2022.02.13-04.35.02:546][847]LogModuleManager: Shutting down and abandoning module Synthesis (258)
[2022.02.13-04.35.02:546][847]LogModuleManager: Shutting down and abandoning module MobilePatchingUtils (256)
[2022.02.13-04.35.02:546][847]LogModuleManager: Shutting down and abandoning module GooglePAD (254)
[2022.02.13-04.35.02:546][847]LogModuleManager: Shutting down and abandoning module CustomMeshComponent (252)
[2022.02.13-04.35.02:546][847]LogModuleManager: Shutting down and abandoning module CableComponent (250)
[2022.02.13-04.35.02:547][847]LogModuleManager: Shutting down and abandoning module AudioCapture (248)
[2022.02.13-04.35.02:547][847]LogModuleManager: Shutting down and abandoning module AudioCaptureRtAudio (247)
[2022.02.13-04.35.02:547][847]LogModuleManager: Shutting down and abandoning module AssetTags (244)
[2022.02.13-04.35.02:547][847]LogModuleManager: Shutting down and abandoning module ArchVisCharacter (242)
[2022.02.13-04.35.02:547][847]LogModuleManager: Shutting down and abandoning module AppleImageUtils (240)
[2022.02.13-04.35.02:547][847]LogModuleManager: Shutting down and abandoning module AndroidPermission (238)
[2022.02.13-04.35.02:547][847]LogModuleManager: Shutting down and abandoning module TemplateSequence (236)
[2022.02.13-04.35.02:547][847]LogModuleManager: Shutting down and abandoning module MediaCompositing (234)
[2022.02.13-04.35.02:547][847]LogModuleManager: Shutting down and abandoning module ImgMedia (232)
[2022.02.13-04.35.02:547][847]LogModuleManager: Shutting down and abandoning module MagicLeapLightEstimation (230)
[2022.02.13-04.35.02:547][847]LogModuleManager: Shutting down and abandoning module MagicLeapHelperVulkan (228)
[2022.02.13-04.35.02:547][847]LogModuleManager: Shutting down and abandoning module MagicLeapHelperOpenGL (226)
[2022.02.13-04.35.02:547][847]LogModuleManager: Shutting down and abandoning module MagicLeapAudio (224)
[2022.02.13-04.35.02:547][847]LogModuleManager: Shutting down and abandoning module MagicLeapSharedWorld (222)
[2022.02.13-04.35.02:547][847]LogModuleManager: Shutting down and abandoning module ChaosNiagara (220)
[2022.02.13-04.35.02:547][847]LogModuleManager: Shutting down and abandoning module ProceduralMeshComponent (218)
[2022.02.13-04.35.02:547][847]LogModuleManager: Shutting down and abandoning module GeometryCollectionTracks (216)
[2022.02.13-04.35.02:547][847]LogModuleManager: Shutting down and abandoning module EditableMesh (214)
[2022.02.13-04.35.02:547][847]LogModuleManager: Shutting down and abandoning module MeshSolverUtilities (212)
[2022.02.13-04.35.02:547][847]LogModuleManager: Shutting down and abandoning module MeshConversion (210)
[2022.02.13-04.35.02:547][847]LogModuleManager: Shutting down and abandoning module DynamicMesh (208)
[2022.02.13-04.35.02:547][847]LogModuleManager: Shutting down and abandoning module GeometryAlgorithms (206)
[2022.02.13-04.35.02:547][847]LogModuleManager: Shutting down and abandoning module GeometricObjects (204)
[2022.02.13-04.35.02:547][847]LogModuleManager: Shutting down and abandoning module ChaosCloth (202)
[2022.02.13-04.35.02:547][847]LogModuleManager: Shutting down and abandoning module BackChannel (200)
[2022.02.13-04.35.02:547][847]LogModuleManager: Shutting down and abandoning module AutomationUtils (198)
[2022.02.13-04.35.02:547][847]LogModuleManager: Shutting down and abandoning module GeometryCacheTracks (196)
[2022.02.13-04.35.02:548][847]LogModuleManager: Shutting down and abandoning module GeometryCache (194)
[2022.02.13-04.35.02:548][847]LogModuleManager: Shutting down and abandoning module UObjectPlugin (192)
[2022.02.13-04.35.02:548][847]LogModuleManager: Shutting down and abandoning module Contest_Easy (190)
[2022.02.13-04.35.02:548][847]LogModuleManager: Shutting down and abandoning module SoundFields (188)
[2022.02.13-04.35.02:548][847]LogModuleManager: Shutting down and abandoning module RuntimePhysXCooking (186)
[2022.02.13-04.35.02:548][847]LogModuleManager: Shutting down and abandoning module LocationServicesBPLibrary (184)
[2022.02.13-04.35.02:548][847]LogModuleManager: Shutting down and abandoning module ActorSequence (182)
[2022.02.13-04.35.02:548][847]LogModuleManager: Shutting down and abandoning module UdpMessaging (180)
[2022.02.13-04.35.02:548][847]LogModuleManager: Shutting down and abandoning module TcpMessaging (178)
[2022.02.13-04.35.02:548][847]LogModuleManager: Shutting down and abandoning module MagicLeapHandMeshing (176)
[2022.02.13-04.35.02:548][847]LogModuleManager: Shutting down and abandoning module MagicLeapSecureStorage (174)
[2022.02.13-04.35.02:548][847]LogModuleManager: Shutting down and abandoning module MagicLeapPrivileges (172)
[2022.02.13-04.35.02:548][847]LogModuleManager: Shutting down and abandoning module MagicLeapPlanes (170)
[2022.02.13-04.35.02:548][847]LogModuleManager: Shutting down and abandoning module MagicLeapImageTracker (168)
[2022.02.13-04.35.02:548][847]LogModuleManager: Shutting down and abandoning module MagicLeapIdentity (166)
[2022.02.13-04.35.02:548][847]LogModuleManager: Shutting down and abandoning module MagicLeapHandTracking (164)
[2022.02.13-04.35.02:548][847]LogModuleManager: Shutting down and abandoning module MagicLeapEyeTracker (162)
[2022.02.13-04.35.02:548][847]LogModuleManager: Shutting down and abandoning module MagicLeapController (160)
[2022.02.13-04.35.02:549][847]LogSlate: Slate User Destroyed.  User Index 0, Is Virtual User: 0
[2022.02.13-04.35.02:549][847]LogModuleManager: Shutting down and abandoning module MagicLeapARPinImpl (158)
[2022.02.13-04.35.02:549][847]LogModuleManager: Shutting down and abandoning module MagicLeapAR (156)
[2022.02.13-04.35.02:549][847]LogModuleManager: Shutting down and abandoning module AugmentedReality (155)
[2022.02.13-04.35.02:549][847]LogModuleManager: Shutting down and abandoning module MagicLeapARPin (152)
[2022.02.13-04.35.02:549][847]LogModuleManager: Shutting down and abandoning module NiagaraAnimNotifies (150)
[2022.02.13-04.35.02:549][847]LogModuleManager: Shutting down and abandoning module Niagara (148)
[2022.02.13-04.35.02:549][847]LogModuleManager: Shutting down and abandoning module SignalProcessing (147)
[2022.02.13-04.35.02:549][847]LogModuleManager: Shutting down and abandoning module NiagaraCore (144)
[2022.02.13-04.35.02:549][847]LogModuleManager: Shutting down and abandoning module FacialAnimation (142)
[2022.02.13-04.35.02:549][847]LogModuleManager: Shutting down and abandoning module SignificanceManager (140)
[2022.02.13-04.35.02:549][847]LogModuleManager: Shutting down and abandoning module AnimationSharing (138)
[2022.02.13-04.35.02:550][847]LogModuleManager: Shutting down and abandoning module LightPropagationVolumeRuntime (136)
[2022.02.13-04.35.02:550][847]LogModuleManager: Shutting down and abandoning module Paper2D (134)
[2022.02.13-04.35.02:550][847]LogModuleManager: Shutting down and abandoning module AirSim (130)
[2022.02.13-04.35.02:550][847]LogModuleManager: Shutting down and abandoning module WindowsMoviePlayer (128)
[2022.02.13-04.35.02:550][847]LogModuleManager: Shutting down and abandoning module WebMMoviePlayer (126)
[2022.02.13-04.35.02:550][847]LogModuleManager: Shutting down and abandoning module NetworkReplayStreaming (124)
[2022.02.13-04.35.02:550][847]LogModuleManager: Shutting down and abandoning module PacketHandler (122)
[2022.02.13-04.35.02:550][847]LogModuleManager: Shutting down and abandoning module ClothingSystemRuntimeNv (120)
[2022.02.13-04.35.02:550][847]LogModuleManager: Shutting down and abandoning module MediaAssets (118)
[2022.02.13-04.35.02:550][847]LogModuleManager: Shutting down and abandoning module Overlay (116)
[2022.02.13-04.35.02:550][847]LogModuleManager: Shutting down and abandoning module FunctionalTesting (114)
[2022.02.13-04.35.02:550][847]LogModuleManager: Shutting down and abandoning module MessageLog (112)
[2022.02.13-04.35.02:550][847]LogModuleManager: Shutting down and abandoning module UMG (110)
[2022.02.13-04.35.02:550][847]LogModuleManager: Shutting down and abandoning module SlateReflector (108)
[2022.02.13-04.35.02:550][847]LogModuleManager: Shutting down and abandoning module Slate (106)
[2022.02.13-04.35.02:550][847]LogModuleManager: Shutting down and abandoning module SlateCore (104)
[2022.02.13-04.35.02:550][847]LogModuleManager: Shutting down and abandoning module MRMesh (102)
[2022.02.13-04.35.02:550][847]LogModuleManager: Shutting down and abandoning module Messaging (100)
[2022.02.13-04.35.02:551][847]LogModuleManager: Shutting down and abandoning module HeadMountedDisplay (98)
[2022.02.13-04.35.02:551][847]LogModuleManager: Shutting down and abandoning module XAudio2 (96)
[2022.02.13-04.35.02:551][847]LogModuleManager: Shutting down and abandoning module Networking (94)
[2022.02.13-04.35.02:551][847]LogModuleManager: Shutting down and abandoning module Core (92)
[2022.02.13-04.35.02:551][847]LogModuleManager: Shutting down and abandoning module ImageWrapper (88)
[2022.02.13-04.35.02:551][847]LogModuleManager: Shutting down and abandoning module InputCore (86)
[2022.02.13-04.35.02:551][847]LogModuleManager: Shutting down and abandoning module Settings (84)
[2022.02.13-04.35.02:551][847]LogModuleManager: Shutting down and abandoning module PhysXCooking (82)
[2022.02.13-04.35.02:551][847]LogModuleManager: Shutting down and abandoning module ChaosSolvers (80)
[2022.02.13-04.35.02:551][847]LogModuleManager: Shutting down and abandoning module FieldSystemEngine (79)
[2022.02.13-04.35.02:551][847]LogModuleManager: Shutting down and abandoning module Chaos (76)
[2022.02.13-04.35.02:553][847]LogModuleManager: Shutting down and abandoning module WindowsPlatformFeatures (74)
[2022.02.13-04.35.02:553][847]LogModuleManager: Shutting down and abandoning module GameplayMediaEncoder (73)
[2022.02.13-04.35.02:553][847]LogModuleManager: Shutting down and abandoning module AVEncoder (72)
[2022.02.13-04.35.02:553][847]LogModuleManager: Shutting down and abandoning module ExampleDeviceProfileSelector (68)
[2022.02.13-04.35.02:553][847]LogModuleManager: Shutting down and abandoning module LauncherChunkInstaller (66)
[2022.02.13-04.35.02:554][847]LogModuleManager: Shutting down and abandoning module OnlineSubsystem (62)
[2022.02.13-04.35.02:554][847]LogModuleManager: Shutting down and abandoning module HTTP (57)
[2022.02.13-04.35.02:584][847]LogModuleManager: Shutting down and abandoning module SSL (56)
[2022.02.13-04.35.02:585][847]LogModuleManager: Shutting down and abandoning module WmfMedia (52)
[2022.02.13-04.35.02:586][847]LogModuleManager: Shutting down and abandoning module Media (51)
[2022.02.13-04.35.02:587][847]LogModuleManager: Shutting down and abandoning module MagicLeap (48)
[2022.02.13-04.35.02:587][847]LogModuleManager: Shutting down and abandoning module NiagaraVertexFactories (46)
[2022.02.13-04.35.02:587][847]LogModuleManager: Shutting down and abandoning module NiagaraShader (44)
[2022.02.13-04.35.02:587][847]LogModuleManager: Shutting down and abandoning module VariantManagerContent (42)
[2022.02.13-04.35.02:587][847]LogModuleManager: Shutting down and abandoning module DatasmithContent (40)
[2022.02.13-04.35.02:588][847]LogModuleManager: Shutting down and abandoning module AISupportModule (38)
[2022.02.13-04.35.02:588][847]LogModuleManager: Shutting down and abandoning module PlatformCryptoOpenSSL (36)
[2022.02.13-04.35.02:588][847]LogModuleManager: Shutting down and abandoning module PlatformCryptoTypes (34)
[2022.02.13-04.35.02:588][847]LogModuleManager: Shutting down and abandoning module PlatformCrypto (32)
[2022.02.13-04.35.02:588][847]LogModuleManager: Shutting down and abandoning module RenderCore (30)
[2022.02.13-04.35.02:588][847]LogModuleManager: Shutting down and abandoning module Landscape (28)
[2022.02.13-04.35.02:588][847]LogModuleManager: Shutting down and abandoning module SlateRHIRenderer (26)
[2022.02.13-04.35.02:592][847]LogModuleManager: Shutting down and abandoning module OpenGLDrv (24)
[2022.02.13-04.35.02:592][847]LogModuleManager: Shutting down and abandoning module D3D11RHI (22)
[2022.02.13-04.35.02:592][847]LogModuleManager: Shutting down and abandoning module AnimGraphRuntime (20)
[2022.02.13-04.35.02:592][847]LogModuleManager: Shutting down and abandoning module Renderer (18)
[2022.02.13-04.35.02:592][847]LogModuleManager: Shutting down and abandoning module Engine (16)
[2022.02.13-04.35.02:592][847]LogModuleManager: Shutting down and abandoning module CoreUObject (14)
[2022.02.13-04.35.02:592][847]LogModuleManager: Shutting down and abandoning module NetworkFile (12)
[2022.02.13-04.35.02:592][847]LogModuleManager: Shutting down and abandoning module CookedIterativeFile (10)
[2022.02.13-04.35.02:592][847]LogModuleManager: Shutting down and abandoning module StreamingFile (8)
[2022.02.13-04.35.02:593][847]LogModuleManager: Shutting down and abandoning module SandboxFile (6)
[2022.02.13-04.35.02:593][847]LogModuleManager: Shutting down and abandoning module PakFile (4)
[2022.02.13-04.35.02:597][847]LogModuleManager: Shutting down and abandoning module RSA (3)
[2022.02.13-04.35.02:597][847]LogContentStreaming: Display: There are 1 unreleased StreamingManagers
[2022.02.13-04.35.02:600][847]LogD3D11RHI: Shutdown
[2022.02.13-04.35.02:600][847]LogD3D11RHI: CleanupD3DDevice
[2022.02.13-04.35.02:629][847]LogExit: Exiting.
[2022.02.13-04.35.02:640][847]Log file closed, 02/13/22 12:35:02
